2024-03-22T16:27:11+00:00 DEBUG POST: https://ads.tiktok.com/marketing_api/api/developer/app/create_auto_approve/

{"business_platform":"PROD","smb_id":"tt4b_woocommerce_65fdb15f1952ehttplocalhost8888demoSiteAnalysswp-admin","smb_name":"PROD","redirect_url":"http:\/\/localhost:8888\/demoSiteAnalyss\/wp-admin\/"}
 ajax: no
2024-03-22T16:27:11+00:00 DEBUG Tt4b_Mapi_Class::create_open_source_app: Response: 

HTTP/1.1 200 OK
Content-Type: application/json
X-Tt-Logid: 202403221627103F9CDEE2077E8E2945B8,202403221627103F9CDEE2077E8E2945B8
Strict-Transport-Security: max-age=31536000; includeSubDomains
Server-Timing: inner; dur=140
x-tt-trace-host: 014e8d7073f3f2a3daeb8bba8e880243f4185064e366a35ff75ea35d030086a8397f770a29227c5f8de0b268e0686925815a17362a7d77dbf3a9cb082386809fbb2cb4e6b025371e9b115ae30faa06ed33242d0e088fe308ceba7be1ae2dec2fa6
x-tt-trace-id: 00-2403221627103F9CDEE2077E8E2945B8-584839EF60774F2A-00
Server: TLB
Content-Encoding: gzip
Date: Fri, 22 Mar 2024 16:27:11 GMT
Content-Length: 217
X-Cache: TCP_MISS from a88-221-145-48.deploy.akamaitechnologies.com (AkamaiGHost/11.4.4-55034233) (-)
Connection: close
Vary: Accept-Encoding
x-tt-trace-tag: id=16;cdn-cache=miss;type=dyn
Server-Timing: cdn-cache; desc=MISS, edge; dur=4, origin; dur=293
X-Origin-Response-Time: 293,88.221.145.48
X-Akamai-Request-ID: b8219aa

{"code":0,"msg":"ok","data":{"app_id":"7349225190116556801","external_data_key":"731e891f-d67e-442f-9a0d-7ddc8ef053be","redirect_uri":"http:\/\/localhost:8888\/demoSiteAnalyss\/wp-admin\/","app_secret":"428b0e49ff8d8eaec39eecafc72fc293d3a1d420"}}
